2022-11-14 13:35:20.629 +07 [4803] LOG:  starting PostgreSQL 15.1 on aarch64-apple-darwin21.6.0, compiled by Apple clang version 14.0.0 (clang-1400.0.29.102), 64-bit
2022-11-14 13:35:20.630 +07 [4803] LOG:  listening on IPv6 address "::1", port 5432
2022-11-14 13:35:20.630 +07 [4803] LOG:  listening on IPv4 address "127.0.0.1", port 5432
2022-11-14 13:35:20.631 +07 [4803] LOG:  listening on Unix socket "/tmp/.s.PGSQL.5432"
2022-11-14 13:35:20.632 +07 [4806] LOG:  database system was shut down at 2022-11-14 13:35:20 +07
2022-11-14 13:35:20.634 +07 [4803] LOG:  database system is ready to accept connections
2022-11-14 13:36:35.474 +07 [4860] FATAL:  database "CurrencyConverter" does not exist
2022-11-14 13:40:20.630 +07 [4804] LOG:  checkpoint starting: time
2022-11-14 13:43:33.914 +07 [4804] LOG:  checkpoint complete: wrote 1910 buffers (11.7%); 0 WAL file(s) added, 0 removed, 1 recycled; write=193.269 s, sync=0.011 s, total=193.285 s; sync files=511, longest=0.001 s, average=0.001 s; distance=8893 kB, estimate=8893 kB
2022-11-14 14:21:35.568 +07 [6278] ERROR:  database "currencyconverter" does not exist
2022-11-14 14:21:35.568 +07 [6278] STATEMENT:  DROP DATABASE CurrencyConverter;
2022-11-14 14:26:05.873 +07 [6388] ERROR:  syntax error at or near "DROPDB" at character 1
2022-11-14 14:26:05.873 +07 [6388] STATEMENT:  DROPDB CurrencyConverter;
2022-11-14 14:26:21.140 +07 [6388] ERROR:  syntax error at or near "dropDb" at character 1
2022-11-14 14:26:21.140 +07 [6388] STATEMENT:  dropDb CurrencyConverter;
2022-11-14 14:27:04.981 +07 [6421] ERROR:  database "currencyconverter" does not exist
2022-11-14 14:27:04.981 +07 [6421] STATEMENT:  DROP DATABASE CurrencyConverter;
2022-11-14 14:28:55.204 +07 [6421] ERROR:  syntax error at or near "'CurrencyConverter'" at character 15
2022-11-14 14:28:55.204 +07 [6421] STATEMENT:  DROP DATABASE 'CurrencyConverter';
2022-11-14 14:29:05.866 +07 [6421] ERROR:  database "CurrencyConverter" is being accessed by other users
2022-11-14 14:29:05.866 +07 [6421] DETAIL:  There are 3 other sessions using the database.
2022-11-14 14:29:05.866 +07 [6421] STATEMENT:  DROP DATABASE "CurrencyConverter";
2022-11-14 14:29:23.444 +07 [6421] ERROR:  database "CurrencyConverter" is being accessed by other users
2022-11-14 14:29:23.444 +07 [6421] DETAIL:  There are 3 other sessions using the database.
2022-11-14 14:29:23.444 +07 [6421] STATEMENT:  DROP DATABASE "CurrencyConverter";
2022-11-14 14:29:41.287 +07 [6421] ERROR:  database "CurrencyConverter" is being accessed by other users
2022-11-14 14:29:41.287 +07 [6421] DETAIL:  There is 1 other session using the database.
2022-11-14 14:29:41.287 +07 [6421] STATEMENT:  DROP DATABASE "CurrencyConverter";
2022-11-14 14:29:46.400 +07 [4804] LOG:  checkpoint starting: immediate force wait
2022-11-14 14:29:46.403 +07 [4804] LOG:  checkpoint complete: wrote 1 buffers (0.0%); 0 WAL file(s) added, 0 removed, 0 recycled; write=0.001 s, sync=0.001 s, total=0.004 s; sync files=1, longest=0.001 s, average=0.001 s; distance=1 kB, estimate=8004 kB
2022-11-14 14:34:46.397 +07 [4804] LOG:  checkpoint starting: time
2022-11-14 14:36:21.412 +07 [4804] LOG:  checkpoint complete: wrote 940 buffers (5.7%); 0 WAL file(s) added, 0 removed, 0 recycled; write=95.008 s, sync=0.004 s, total=95.015 s; sync files=252, longest=0.001 s, average=0.001 s; distance=4291 kB, estimate=7632 kB
2022-11-14 15:14:46.527 +07 [4804] LOG:  checkpoint starting: time
2022-11-14 15:14:49.658 +07 [12071] FATAL:  database "CurrencyConverter" does not exist
2022-11-14 15:14:51.820 +07 [4804] LOG:  checkpoint complete: wrote 53 buffers (0.3%); 0 WAL file(s) added, 0 removed, 0 recycled; write=5.281 s, sync=0.006 s, total=5.294 s; sync files=35, longest=0.002 s, average=0.001 s; distance=241 kB, estimate=6893 kB
2022-11-14 15:19:46.819 +07 [4804] LOG:  checkpoint starting: time
2022-11-14 15:19:48.050 +07 [4804] LOG:  checkpoint complete: wrote 12 buffers (0.1%); 0 WAL file(s) added, 0 removed, 0 recycled; write=1.224 s, sync=0.002 s, total=1.232 s; sync files=6, longest=0.001 s, average=0.001 s; distance=67 kB, estimate=6211 kB
2022-11-14 15:24:46.048 +07 [4804] LOG:  checkpoint starting: time
2022-11-14 15:24:46.258 +07 [4804] LOG:  checkpoint complete: wrote 2 buffers (0.0%); 0 WAL file(s) added, 0 removed, 0 recycled; write=0.204 s, sync=0.002 s, total=0.210 s; sync files=2, longest=0.001 s, average=0.001 s; distance=4 kB, estimate=5590 kB
2022-11-14 17:13:10.287 +07 [14301] ERROR:  relation "exchange-rates" does not exist at character 192
2022-11-14 17:13:10.287 +07 [14301] STATEMENT:  SELECT "exchange-rates"."id" AS "exchange-rates_id", "exchange-rates"."date-time" AS "exchange-rates_date-time", "exchange-rates"."conversion-rates" AS "exchange-rates_conversion-rates" FROM "exchange-rates" LIMIT 1
2022-11-14 17:17:06.410 +07 [14412] ERROR:  column exchange_rates.date-time does not exist at character 54
2022-11-14 17:17:06.410 +07 [14412] HINT:  Perhaps you meant to reference the column "exchange_rates.date_time".
2022-11-14 17:17:06.410 +07 [14412] STATEMENT:  SELECT "exchange_rates"."id" AS "exchange_rates_id", "exchange_rates"."date-time" AS "exchange_rates_date-time", "exchange_rates"."conversion-rates" AS "exchange_rates_conversion-rates" FROM "exchange_rates" LIMIT 1
2022-11-15 19:50:41.080 +07 [27065] ERROR:  invalid input syntax for type uuid: "1" at character 92
2022-11-15 19:50:41.080 +07 [27065] STATEMENT:  BEGIN;
	INSERT INTO "public"."exchange_rates"("id", "date_time", "conversion_rates") VALUES('1', '1668494403', '{"AED":3.672498,"AFN":88.19467,"ALL":113.376883,"AMD":394.440864,"ANG":1.796322,"AOA":497.147498,"ARS":161.7729,"AUD":1.489547,"AWG":1.8,"AZN":1.699567,"BAM":1.895515,"BBD":2.012551,"BDT":101.951406,"BGN":1.892298,"BHD":0.376931,"BIF":2062.296147,"BMD":1,"BND":1.371446,"BOB":6.887151,"BRL":5.332801,"BSD":0.996724,"BTC":5.9876962e-05,"BTN":80.975359,"BWP":12.944649,"BYN":2.517264,"BYR":19600,"BZD":2.009159,"CAD":1.32888,"CDF":2049.000099,"CHF":0.94395,"CLF":0.032298,"CLP":891.205548,"CNY":7.047402,"COP":4805.31,"CRC":607.392259,"CUC":1,"CUP":26.5,"CVE":106.864569,"CZK":23.521398,"DJF":177.441787,"DKK":7.19799,"DOP":54.10393,"DZD":138.951371,"EGP":24.436201,"ERN":15,"ETB":53.226621,"EUR":0.967625,"FJD":2.228198,"FKP":0.853106,"GBP":0.848369,"GEL":2.702327,"GGP":0.853106,"GHS":14.452036,"GIP":0.853106,"GMD":61.349765,"GNF":8587.560217,"GTQ":7.79413,"GYD":208.524743,"HKD":7.831815,"HNL":24.633025,"HRK":7.301104,"HTG":134.899703,"HUF":395.235015,"IDR":15562.75,"ILS":3.42595,"IMP":0.853106,"INR":81.381497,"IQD":1454.714622,"IRR":42400.00011,"ISK":146.009454,"JEP":0.853106,"JMD":153.129831,"JOD":0.709021,"JPY":140.330148,"KES":121.99974,"KGS":84.381699,"KHR":4122.382316,"KMF":479.850299,"KPW":899.982282,"KRW":1317.249788,"KWD":0.30786,"KYD":0.830467,"KZT":459.742488,"LAK":17237.726486,"LBP":1506.985399,"LKR":364.299207,"LRD":153.801567,"LSL":17.299569,"LTL":2.95274,"LVL":0.60489,"LYD":4.967338,"MAD":10.710977,"MDL":19.112033,"MGA":4277.776432,"MKD":59.714873,"MMK":2093.130997,"MNT":3405.785821,"MOP":8.045494,"MRO":356.999828,"MUR":43.797739,"MVR":15.409905,"MWK":1023.756148,"MXN":19.32145,"MYR":4.582503,"MZN":63.829936,"NAD":17.298816,"NGN":441.330017,"NIO":35.879964,"NOK":10.016125,"NPR":129.570776,"NZD":1.63325,"OMR":0.385018,"PAB":0.996685,"PEN":3.844469,"PGK":3.513054,"PHP":57.287498,"PKR":220.900095,"PLN":4.555395,"PYG":7013.64154,"QAR":3.641007,"RON":4.747033,"RSD":113.460125,"RUB":60.565018,"RWF":1065.979811,"SAR":3.758817,"SBD":8.223823,"SCR":13.473808,"SDG":569.502977,"SEK":10.465255,"SGD":1.371775,"SHP":1.377399,"SLE":17.889634,"SLL":17875.000146,"SOS":568.999768,"SRD":30.095024,"STD":20697.981008,"SVC":8.721736,"SYP":2511.958335,"SZL":17.296394,"THB":35.708501,"TJS":10.016718,"TMT":3.5,"TND":3.21375,"TOP":2.37235,"TRY":18.59652,"TTD":6.761743,"TWD":30.9913,"TZS":2332.000354,"UAH":36.811192,"UGX":3742.610145,"USD":1,"UYU":39.941076,"UZS":11153.399206,"VEF":927484.644662,"VND":24800,"VUV":119.683157,"WST":2.744253,"XAF":635.768181,"XAG":0.045392,"XAU":0.000565,"XCD":2.70255,"XDR":0.761414,"XOF":635.752777,"XPF":116.649796,"YER":250.250114,"ZAR":17.25785,"ZMK":9001.195888,"ZMW":16.381285,"ZWL":321.999592}') RETURNING "id", "date_time", "conversion_rates";
	
2022-11-15 19:50:45.639 +07 [27065] ERROR:  invalid input syntax for type uuid: "1" at character 92
2022-11-15 19:50:45.639 +07 [27065] STATEMENT:  BEGIN;
	INSERT INTO "public"."exchange_rates"("id", "date_time", "conversion_rates") VALUES('1', '1668494403', '{"AED":3.672498,"AFN":88.19467,"ALL":113.376883,"AMD":394.440864,"ANG":1.796322,"AOA":497.147498,"ARS":161.7729,"AUD":1.489547,"AWG":1.8,"AZN":1.699567,"BAM":1.895515,"BBD":2.012551,"BDT":101.951406,"BGN":1.892298,"BHD":0.376931,"BIF":2062.296147,"BMD":1,"BND":1.371446,"BOB":6.887151,"BRL":5.332801,"BSD":0.996724,"BTC":5.9876962e-05,"BTN":80.975359,"BWP":12.944649,"BYN":2.517264,"BYR":19600,"BZD":2.009159,"CAD":1.32888,"CDF":2049.000099,"CHF":0.94395,"CLF":0.032298,"CLP":891.205548,"CNY":7.047402,"COP":4805.31,"CRC":607.392259,"CUC":1,"CUP":26.5,"CVE":106.864569,"CZK":23.521398,"DJF":177.441787,"DKK":7.19799,"DOP":54.10393,"DZD":138.951371,"EGP":24.436201,"ERN":15,"ETB":53.226621,"EUR":0.967625,"FJD":2.228198,"FKP":0.853106,"GBP":0.848369,"GEL":2.702327,"GGP":0.853106,"GHS":14.452036,"GIP":0.853106,"GMD":61.349765,"GNF":8587.560217,"GTQ":7.79413,"GYD":208.524743,"HKD":7.831815,"HNL":24.633025,"HRK":7.301104,"HTG":134.899703,"HUF":395.235015,"IDR":15562.75,"ILS":3.42595,"IMP":0.853106,"INR":81.381497,"IQD":1454.714622,"IRR":42400.00011,"ISK":146.009454,"JEP":0.853106,"JMD":153.129831,"JOD":0.709021,"JPY":140.330148,"KES":121.99974,"KGS":84.381699,"KHR":4122.382316,"KMF":479.850299,"KPW":899.982282,"KRW":1317.249788,"KWD":0.30786,"KYD":0.830467,"KZT":459.742488,"LAK":17237.726486,"LBP":1506.985399,"LKR":364.299207,"LRD":153.801567,"LSL":17.299569,"LTL":2.95274,"LVL":0.60489,"LYD":4.967338,"MAD":10.710977,"MDL":19.112033,"MGA":4277.776432,"MKD":59.714873,"MMK":2093.130997,"MNT":3405.785821,"MOP":8.045494,"MRO":356.999828,"MUR":43.797739,"MVR":15.409905,"MWK":1023.756148,"MXN":19.32145,"MYR":4.582503,"MZN":63.829936,"NAD":17.298816,"NGN":441.330017,"NIO":35.879964,"NOK":10.016125,"NPR":129.570776,"NZD":1.63325,"OMR":0.385018,"PAB":0.996685,"PEN":3.844469,"PGK":3.513054,"PHP":57.287498,"PKR":220.900095,"PLN":4.555395,"PYG":7013.64154,"QAR":3.641007,"RON":4.747033,"RSD":113.460125,"RUB":60.565018,"RWF":1065.979811,"SAR":3.758817,"SBD":8.223823,"SCR":13.473808,"SDG":569.502977,"SEK":10.465255,"SGD":1.371775,"SHP":1.377399,"SLE":17.889634,"SLL":17875.000146,"SOS":568.999768,"SRD":30.095024,"STD":20697.981008,"SVC":8.721736,"SYP":2511.958335,"SZL":17.296394,"THB":35.708501,"TJS":10.016718,"TMT":3.5,"TND":3.21375,"TOP":2.37235,"TRY":18.59652,"TTD":6.761743,"TWD":30.9913,"TZS":2332.000354,"UAH":36.811192,"UGX":3742.610145,"USD":1,"UYU":39.941076,"UZS":11153.399206,"VEF":927484.644662,"VND":24800,"VUV":119.683157,"WST":2.744253,"XAF":635.768181,"XAG":0.045392,"XAU":0.000565,"XCD":2.70255,"XDR":0.761414,"XOF":635.752777,"XPF":116.649796,"YER":250.250114,"ZAR":17.25785,"ZMK":9001.195888,"ZMW":16.381285,"ZWL":321.999592}') RETURNING "id", "date_time", "conversion_rates";
	
2022-11-15 19:51:26.610 +07 [27065] ERROR:  date/time field value out of range: "1668494403" at character 132
2022-11-15 19:51:26.610 +07 [27065] HINT:  Perhaps you need a different "datestyle" setting.
2022-11-15 19:51:26.610 +07 [27065] STATEMENT:  BEGIN;
	INSERT INTO "public"."exchange_rates"("id", "date_time", "conversion_rates") VALUES('c30a4a65-1f0e-4820-bba5-4718adf27919', '1668494403', '{"AED":3.672498,"AFN":88.19467,"ALL":113.376883,"AMD":394.440864,"ANG":1.796322,"AOA":497.147498,"ARS":161.7729,"AUD":1.489547,"AWG":1.8,"AZN":1.699567,"BAM":1.895515,"BBD":2.012551,"BDT":101.951406,"BGN":1.892298,"BHD":0.376931,"BIF":2062.296147,"BMD":1,"BND":1.371446,"BOB":6.887151,"BRL":5.332801,"BSD":0.996724,"BTC":5.9876962e-05,"BTN":80.975359,"BWP":12.944649,"BYN":2.517264,"BYR":19600,"BZD":2.009159,"CAD":1.32888,"CDF":2049.000099,"CHF":0.94395,"CLF":0.032298,"CLP":891.205548,"CNY":7.047402,"COP":4805.31,"CRC":607.392259,"CUC":1,"CUP":26.5,"CVE":106.864569,"CZK":23.521398,"DJF":177.441787,"DKK":7.19799,"DOP":54.10393,"DZD":138.951371,"EGP":24.436201,"ERN":15,"ETB":53.226621,"EUR":0.967625,"FJD":2.228198,"FKP":0.853106,"GBP":0.848369,"GEL":2.702327,"GGP":0.853106,"GHS":14.452036,"GIP":0.853106,"GMD":61.349765,"GNF":8587.560217,"GTQ":7.79413,"GYD":208.524743,"HKD":7.831815,"HNL":24.633025,"HRK":7.301104,"HTG":134.899703,"HUF":395.235015,"IDR":15562.75,"ILS":3.42595,"IMP":0.853106,"INR":81.381497,"IQD":1454.714622,"IRR":42400.00011,"ISK":146.009454,"JEP":0.853106,"JMD":153.129831,"JOD":0.709021,"JPY":140.330148,"KES":121.99974,"KGS":84.381699,"KHR":4122.382316,"KMF":479.850299,"KPW":899.982282,"KRW":1317.249788,"KWD":0.30786,"KYD":0.830467,"KZT":459.742488,"LAK":17237.726486,"LBP":1506.985399,"LKR":364.299207,"LRD":153.801567,"LSL":17.299569,"LTL":2.95274,"LVL":0.60489,"LYD":4.967338,"MAD":10.710977,"MDL":19.112033,"MGA":4277.776432,"MKD":59.714873,"MMK":2093.130997,"MNT":3405.785821,"MOP":8.045494,"MRO":356.999828,"MUR":43.797739,"MVR":15.409905,"MWK":1023.756148,"MXN":19.32145,"MYR":4.582503,"MZN":63.829936,"NAD":17.298816,"NGN":441.330017,"NIO":35.879964,"NOK":10.016125,"NPR":129.570776,"NZD":1.63325,"OMR":0.385018,"PAB":0.996685,"PEN":3.844469,"PGK":3.513054,"PHP":57.287498,"PKR":220.900095,"PLN":4.555395,"PYG":7013.64154,"QAR":3.641007,"RON":4.747033,"RSD":113.460125,"RUB":60.565018,"RWF":1065.979811,"SAR":3.758817,"SBD":8.223823,"SCR":13.473808,"SDG":569.502977,"SEK":10.465255,"SGD":1.371775,"SHP":1.377399,"SLE":17.889634,"SLL":17875.000146,"SOS":568.999768,"SRD":30.095024,"STD":20697.981008,"SVC":8.721736,"SYP":2511.958335,"SZL":17.296394,"THB":35.708501,"TJS":10.016718,"TMT":3.5,"TND":3.21375,"TOP":2.37235,"TRY":18.59652,"TTD":6.761743,"TWD":30.9913,"TZS":2332.000354,"UAH":36.811192,"UGX":3742.610145,"USD":1,"UYU":39.941076,"UZS":11153.399206,"VEF":927484.644662,"VND":24800,"VUV":119.683157,"WST":2.744253,"XAF":635.768181,"XAG":0.045392,"XAU":0.000565,"XCD":2.70255,"XDR":0.761414,"XOF":635.752777,"XPF":116.649796,"YER":250.250114,"ZAR":17.25785,"ZMK":9001.195888,"ZMW":16.381285,"ZWL":321.999592}') RETURNING "id", "date_time", "conversion_rates";
	
2022-11-15 19:51:38.904 +07 [27065] ERROR:  date/time field value out of range: "1668494403" at character 132
2022-11-15 19:51:38.904 +07 [27065] HINT:  Perhaps you need a different "datestyle" setting.
2022-11-15 19:51:38.904 +07 [27065] STATEMENT:  BEGIN;
	INSERT INTO "public"."exchange_rates"("id", "date_time", "conversion_rates") VALUES('c30a4a65-1f0e-4820-bba5-4718adf27919', '1668494403', '{"AED":3.672498,"AFN":88.19467,"ALL":113.376883,"AMD":394.440864,"ANG":1.796322,"AOA":497.147498,"ARS":161.7729,"AUD":1.489547,"AWG":1.8,"AZN":1.699567,"BAM":1.895515,"BBD":2.012551,"BDT":101.951406,"BGN":1.892298,"BHD":0.376931,"BIF":2062.296147,"BMD":1,"BND":1.371446,"BOB":6.887151,"BRL":5.332801,"BSD":0.996724,"BTC":5.9876962e-05,"BTN":80.975359,"BWP":12.944649,"BYN":2.517264,"BYR":19600,"BZD":2.009159,"CAD":1.32888,"CDF":2049.000099,"CHF":0.94395,"CLF":0.032298,"CLP":891.205548,"CNY":7.047402,"COP":4805.31,"CRC":607.392259,"CUC":1,"CUP":26.5,"CVE":106.864569,"CZK":23.521398,"DJF":177.441787,"DKK":7.19799,"DOP":54.10393,"DZD":138.951371,"EGP":24.436201,"ERN":15,"ETB":53.226621,"EUR":0.967625,"FJD":2.228198,"FKP":0.853106,"GBP":0.848369,"GEL":2.702327,"GGP":0.853106,"GHS":14.452036,"GIP":0.853106,"GMD":61.349765,"GNF":8587.560217,"GTQ":7.79413,"GYD":208.524743,"HKD":7.831815,"HNL":24.633025,"HRK":7.301104,"HTG":134.899703,"HUF":395.235015,"IDR":15562.75,"ILS":3.42595,"IMP":0.853106,"INR":81.381497,"IQD":1454.714622,"IRR":42400.00011,"ISK":146.009454,"JEP":0.853106,"JMD":153.129831,"JOD":0.709021,"JPY":140.330148,"KES":121.99974,"KGS":84.381699,"KHR":4122.382316,"KMF":479.850299,"KPW":899.982282,"KRW":1317.249788,"KWD":0.30786,"KYD":0.830467,"KZT":459.742488,"LAK":17237.726486,"LBP":1506.985399,"LKR":364.299207,"LRD":153.801567,"LSL":17.299569,"LTL":2.95274,"LVL":0.60489,"LYD":4.967338,"MAD":10.710977,"MDL":19.112033,"MGA":4277.776432,"MKD":59.714873,"MMK":2093.130997,"MNT":3405.785821,"MOP":8.045494,"MRO":356.999828,"MUR":43.797739,"MVR":15.409905,"MWK":1023.756148,"MXN":19.32145,"MYR":4.582503,"MZN":63.829936,"NAD":17.298816,"NGN":441.330017,"NIO":35.879964,"NOK":10.016125,"NPR":129.570776,"NZD":1.63325,"OMR":0.385018,"PAB":0.996685,"PEN":3.844469,"PGK":3.513054,"PHP":57.287498,"PKR":220.900095,"PLN":4.555395,"PYG":7013.64154,"QAR":3.641007,"RON":4.747033,"RSD":113.460125,"RUB":60.565018,"RWF":1065.979811,"SAR":3.758817,"SBD":8.223823,"SCR":13.473808,"SDG":569.502977,"SEK":10.465255,"SGD":1.371775,"SHP":1.377399,"SLE":17.889634,"SLL":17875.000146,"SOS":568.999768,"SRD":30.095024,"STD":20697.981008,"SVC":8.721736,"SYP":2511.958335,"SZL":17.296394,"THB":35.708501,"TJS":10.016718,"TMT":3.5,"TND":3.21375,"TOP":2.37235,"TRY":18.59652,"TTD":6.761743,"TWD":30.9913,"TZS":2332.000354,"UAH":36.811192,"UGX":3742.610145,"USD":1,"UYU":39.941076,"UZS":11153.399206,"VEF":927484.644662,"VND":24800,"VUV":119.683157,"WST":2.744253,"XAF":635.768181,"XAG":0.045392,"XAU":0.000565,"XCD":2.70255,"XDR":0.761414,"XOF":635.752777,"XPF":116.649796,"YER":250.250114,"ZAR":17.25785,"ZMK":9001.195888,"ZMW":16.381285,"ZWL":321.999592}') RETURNING "id", "date_time", "conversion_rates";
	
2022-11-15 19:55:57.683 +07 [4804] LOG:  checkpoint starting: time
2022-11-15 19:55:58.300 +07 [4804] LOG:  checkpoint complete: wrote 7 buffers (0.0%); 0 WAL file(s) added, 0 removed, 0 recycled; write=0.610 s, sync=0.002 s, total=0.617 s; sync files=5, longest=0.002 s, average=0.001 s; distance=2 kB, estimate=5031 kB
2022-11-16 17:30:32.938 +07 [4804] LOG:  checkpoint starting: time
2022-11-16 17:30:33.351 +07 [4804] LOG:  checkpoint complete: wrote 5 buffers (0.0%); 0 WAL file(s) added, 0 removed, 0 recycled; write=0.410 s, sync=0.001 s, total=0.413 s; sync files=5, longest=0.001 s, average=0.001 s; distance=5 kB, estimate=4529 kB
2022-11-16 17:35:32.361 +07 [4804] LOG:  checkpoint starting: time
2022-11-16 17:35:32.474 +07 [4804] LOG:  checkpoint complete: wrote 1 buffers (0.0%); 0 WAL file(s) added, 0 removed, 0 recycled; write=0.105 s, sync=0.002 s, total=0.113 s; sync files=1, longest=0.002 s, average=0.002 s; distance=0 kB, estimate=4076 kB
2022-11-17 11:36:47.935 +07 [4803] LOG:  received smart shutdown request
2022-11-17 11:36:47.937 +07 [4803] LOG:  background worker "logical replication launcher" (PID 4809) exited with exit code 1
2022-11-17 11:36:47.937 +07 [4804] LOG:  shutting down
2022-11-17 11:36:47.938 +07 [4804] LOG:  checkpoint starting: shutdown immediate
2022-11-17 11:36:47.945 +07 [4804] LOG:  checkpoint complete: wrote 4 buffers (0.0%); 0 WAL file(s) added, 0 removed, 0 recycled; write=0.003 s, sync=0.001 s, total=0.008 s; sync files=1, longest=0.001 s, average=0.001 s; distance=0 kB, estimate=3668 kB
2022-11-17 11:36:47.958 +07 [4803] LOG:  database system is shut down
2022-11-17 11:55:45.420 +07 [1775] LOG:  starting PostgreSQL 15.1 on aarch64-apple-darwin21.6.0, compiled by Apple clang version 14.0.0 (clang-1400.0.29.102), 64-bit
2022-11-17 11:55:45.422 +07 [1775] LOG:  listening on IPv6 address "::1", port 5432
2022-11-17 11:55:45.422 +07 [1775] LOG:  listening on IPv4 address "127.0.0.1", port 5432
2022-11-17 11:55:45.422 +07 [1775] LOG:  listening on Unix socket "/tmp/.s.PGSQL.5432"
2022-11-17 11:55:45.427 +07 [1778] LOG:  database system was shut down at 2022-11-17 11:36:47 +07
2022-11-17 11:55:45.430 +07 [1775] LOG:  database system is ready to accept connections
2022-11-17 11:58:19.490 +07 [1953] ERROR:  cannot drop the currently open database
2022-11-17 11:58:19.490 +07 [1953] STATEMENT:  DROP DATABASE currencyconverter;
2022-11-17 11:58:51.787 +07 [1953] ERROR:  cannot drop the currently open database
2022-11-17 11:58:51.787 +07 [1953] STATEMENT:  DROP DATABASE currencyconverter;
2022-11-17 11:59:31.886 +07 [1994] ERROR:  database "currencyconverter" is being accessed by other users
2022-11-17 11:59:31.886 +07 [1994] DETAIL:  There is 1 other session using the database.
2022-11-17 11:59:31.886 +07 [1994] STATEMENT:  DROP DATABASE currencyconverter
	;
2022-11-17 11:59:53.348 +07 [1994] ERROR:  database "currencyconverter" is being accessed by other users
2022-11-17 11:59:53.348 +07 [1994] DETAIL:  There is 1 other session using the database.
2022-11-17 11:59:53.348 +07 [1994] STATEMENT:  DROP DATABASE currencyconverter
	;
2022-11-17 12:00:05.653 +07 [1994] ERROR:  database "currencyconverter" is being accessed by other users
2022-11-17 12:00:05.653 +07 [1994] DETAIL:  There is 1 other session using the database.
2022-11-17 12:00:05.653 +07 [1994] STATEMENT:  DROP DATABASE currencyconverter
	;
2022-11-17 12:00:18.115 +07 [1994] ERROR:  database "currencyconverter" is being accessed by other users
2022-11-17 12:00:18.115 +07 [1994] DETAIL:  There is 1 other session using the database.
2022-11-17 12:00:18.115 +07 [1994] STATEMENT:  DROP DATABASE currencyconverter
	;
2022-11-17 12:00:29.994 +07 [1775] LOG:  received fast shutdown request
2022-11-17 12:00:29.995 +07 [1775] LOG:  aborting any active transactions
2022-11-17 12:00:29.995 +07 [1994] FATAL:  terminating connection due to administrator command
2022-11-17 12:00:29.995 +07 [1965] FATAL:  terminating connection due to administrator command
2022-11-17 12:00:29.997 +07 [1775] LOG:  background worker "logical replication launcher" (PID 1781) exited with exit code 1
2022-11-17 12:00:29.997 +07 [1776] LOG:  shutting down
2022-11-17 12:00:29.998 +07 [1776] LOG:  checkpoint starting: shutdown immediate
2022-11-17 12:00:30.001 +07 [1776] LOG:  checkpoint complete: wrote 4 buffers (0.0%); 0 WAL file(s) added, 0 removed, 0 recycled; write=0.002 s, sync=0.001 s, total=0.004 s; sync files=3, longest=0.001 s, average=0.001 s; distance=0 kB, estimate=0 kB
2022-11-17 12:00:30.004 +07 [1775] LOG:  database system is shut down
2022-11-17 12:00:35.505 +07 [2023] LOG:  starting PostgreSQL 15.1 on aarch64-apple-darwin21.6.0, compiled by Apple clang version 14.0.0 (clang-1400.0.29.102), 64-bit
2022-11-17 12:00:35.506 +07 [2023] LOG:  listening on IPv6 address "::1", port 5432
2022-11-17 12:00:35.506 +07 [2023] LOG:  listening on IPv4 address "127.0.0.1", port 5432
2022-11-17 12:00:35.507 +07 [2023] LOG:  listening on Unix socket "/tmp/.s.PGSQL.5432"
2022-11-17 12:00:35.510 +07 [2026] LOG:  database system was shut down at 2022-11-17 12:00:30 +07
2022-11-17 12:00:35.512 +07 [2023] LOG:  database system is ready to accept connections
2022-11-17 12:00:55.846 +07 [2024] LOG:  checkpoint starting: immediate force wait
2022-11-17 12:00:55.855 +07 [2024] LOG:  checkpoint complete: wrote 5 buffers (0.0%); 0 WAL file(s) added, 0 removed, 0 recycled; write=0.002 s, sync=0.001 s, total=0.009 s; sync files=4, longest=0.001 s, average=0.001 s; distance=1 kB, estimate=1 kB
2022-11-17 12:02:31.428 +07 [3902] FATAL:  database "currencyconverter" does not exist
2022-11-17 12:04:40.133 +07 [3919] FATAL:  database "currencyconverter" does not exist
2022-11-17 12:05:55.859 +07 [2024] LOG:  checkpoint starting: time
2022-11-17 12:06:19.610 +07 [3994] ERROR:  relation "public.exchange_rates" does not exist at character 618
2022-11-17 12:06:19.610 +07 [3994] STATEMENT:  ---------------------------------------------------------------------------------
	-- Fetch OID, Comment, Tablespace, and View Definition (if applicable) ----------
	---------------------------------------------------------------------------------
	SELECT
		pg_class.oid,
		obj_description(pg_class.oid, 'pg_class') AS comment,
		COALESCE(spcname, (select spcname from pg_tablespace, pg_database where pg_tablespace.oid=dattablespace and datname='currencyconverter')) as tablespace,
		pg_get_viewdef(pg_class.oid,true) AS viewdef
	FROM pg_class
	LEFT JOIN pg_tablespace ON pg_tablespace.oid=reltablespace
	WHERE pg_class.oid = '"public"."exchange_rates"'::regclass::oid AND relkind='r';
	
	---------------------------------------------------------------------------------
	-- Fetch Column Information -----------------------------------------------------
	---------------------------------------------------------------------------------
	SELECT 
		attnum,
		attname,
		atttypid,
		attnotnull,
		format_type(atttypid,atttypmod),
		pg_get_expr(adbin, attrelid, true) AS adsrc,
		col_description(attrelid, attnum),
		typcategory,
		has_column_privilege(attrelid,attnum,'SELECT'),
		attgenerated,
		attidentity,
		(
		SELECT row_to_json(s) FROM pg_sequence s
		JOIN pg_depend d ON (d.classid='pg_class'::regclass AND s.seqrelid=d.objid)
		WHERE d.refclassid='pg_class'::regclass AND d.refobjid=attrelid AND d.refobjsubid=attnum
		LIMIT 1
	)  AS sequence_options
	
	FROM pg_attribute
	LEFT JOIN pg_type ON atttypid=pg_type.oid
	LEFT JOIN pg_attrdef ON adrelid=attrelid AND adnum=attnum
	WHERE attrelid = '"public"."exchange_rates"'::regclass
	  AND NOT attisdropped
	
	ORDER BY attnum;
	
	---------------------------------------------------------------------------------
	-- Fetch Indexes ----------------------------------------------------------------
	---------------------------------------------------------------------------------
	SELECT
		pg_class.oid,
		pg_class.relname,
		indisunique,
		indisprimary,
		indisexclusion,
		indkey,
		pg_get_indexdef(indexrelid, 0, true) AS definition,
		ARRAY(select pg_get_indexdef(indexrelid, attnum, true) FROM pg_attribute WHERE attrelid = indexrelid ORDER BY attnum) AS expressions,
		obj_description(pg_class.oid, 'pg_class') AS comment,
		indoption,
		ARRAY(SELECT pg_collation.collname FROM unnest(indcollation) AS t(colid) LEFT JOIN pg_collation ON pg_collation.oid = colid) AS collations,
		ARRAY(SELECT pg_opclass.opcname FROM generate_series(0, indnatts-1) AS t(i) LEFT JOIN pg_opclass ON pg_opclass.oid = indclass[i]) AS opclasses, -- we need to use generate_series because unnest is not available on 8.0 / Redshift
		pg_get_expr(indpred,indrelid, true),
		amname
	FROM pg_index
	LEFT JOIN pg_class ON pg_class.oid = indexrelid
	LEFT JOIN pg_am ON pg_class.relam = pg_am.oid
	WHERE indrelid = '"public"."exchange_rates"'::regclass
	ORDER BY pg_class.oid;
	
	---------------------------------------------------------------------------------
	-- Fetch Constraints ------------------------------------------------------------
	---------------------------------------------------------------------------------
	SELECT
		pg_constraint.oid,
		conname,
		contype,
		conkey,
		nspname AS fschema,
		relname AS ftable,
		confkey AS fkeys,
		pg_get_expr(conbin, conrelid, true),
		pg_get_constraintdef(pg_constraint.oid, true),
		confupdtype,
		confdeltype,
		obj_description(pg_constraint.oid, 'pg_constraint'),
		condeferrable,
		condeferred,
		connoinherit,
		pg_extension.extname
	FROM pg_constraint
	LEFT JOIN pg_class ON pg_class.oid = confrelid
	LEFT JOIN pg_namespace ON pg_namespace.oid = pg_class.relnamespace
		LEFT JOIN pg_depend ON pg_depend.refclassid = 'pg_catalog.pg_extension'::regclass
		AND pg_depend.classid = 'pg_catalog.pg_class'::regclass
		AND pg_depend.objid = pg_class.oid
		LEFT JOIN pg_extension ON pg_depend.refobjid = pg_extension.oid
	WHERE conrelid = '"public"."exchange_rates"'::regclass;
	
	---------------------------------------------------------------------------------
	-- Fetch Values for ENUM types in the table  ------------------------------------
	---------------------------------------------------------------------------------
	SELECT
		pg_type.oid,
		ARRAY(
			SELECT enumlabel
			FROM pg_enum
			WHERE enumtypid=pg_type.oid
			ORDER BY enumsortorder
		)
	FROM pg_type
	WHERE pg_type.oid IN (SELECT atttypid FROM pg_attribute WHERE attrelid = '"public"."exchange_rates"'::regclass)
	  AND typtype='e';
2022-11-17 12:07:30.942 +07 [2024] LOG:  checkpoint complete: wrote 940 buffers (5.7%); 0 WAL file(s) added, 0 removed, 0 recycled; write=95.066 s, sync=0.013 s, total=95.084 s; sync files=255, longest=0.002 s, average=0.001 s; distance=4291 kB, estimate=4291 kB
2022-11-17 12:25:55.933 +07 [2024] LOG:  checkpoint starting: time
2022-11-17 12:25:59.705 +07 [2024] LOG:  checkpoint complete: wrote 38 buffers (0.2%); 0 WAL file(s) added, 0 removed, 0 recycled; write=3.766 s, sync=0.003 s, total=3.773 s; sync files=25, longest=0.001 s, average=0.001 s; distance=256 kB, estimate=3888 kB
2022-11-17 12:45:55.651 +07 [2024] LOG:  checkpoint starting: time
2022-11-17 12:45:56.066 +07 [2024] LOG:  checkpoint complete: wrote 5 buffers (0.0%); 0 WAL file(s) added, 0 removed, 0 recycled; write=0.409 s, sync=0.002 s, total=0.416 s; sync files=5, longest=0.002 s, average=0.001 s; distance=7 kB, estimate=3500 kB
